2024-12-20 20:50:16,601	[INFO]	(client.py:162)_bot_login	[botpy] 登录机器人账号中...
2024-12-20 20:50:16,696	[INFO]	(robot.py:65)update_access_token	[botpy] access_token expires_in 4371
2024-12-20 20:50:16,961	[INFO]	(client.py:181)_bot_init	[botpy] 程序启动...
2024-12-20 20:50:16,961	[INFO]	(connection.py:60)multi_run	[botpy] 最大并发连接数: 1, 启动会话数: 1
2024-12-20 20:50:16,962	[INFO]	(client.py:242)bot_connect	[botpy] 会话启动中...
2024-12-20 20:50:16,962	[INFO]	(gateway.py:115)ws_connect	[botpy] 启动中...
2024-12-20 20:50:17,008	[INFO]	(gateway.py:142)ws_identify	[botpy] 鉴权中...
2024-12-20 20:50:17,117	[INFO]	(gateway.py:85)on_message	[botpy] 机器人「小雫-测试中」启动成功！
2024-12-20 20:50:17,117	[INFO]	(gateway.py:223)_send_heart	[botpy] 心跳维持启动...
2024-12-20 20:50:17,117	[INFO]	(client.py:22)on_ready	robot 「小雫-测试中」 on_ready!
2024-12-20 21:20:18,332	[INFO]	(gateway.py:56)on_closed	[botpy] 关闭, 返回码: 4009, 返回信息: Session timed out
2024-12-20 21:20:18,332	[INFO]	(gateway.py:134)ws_connect	[botpy] ws关闭, 停止接收消息!
2024-12-20 21:20:23,342	[INFO]	(connection.py:60)multi_run	[botpy] 最大并发连接数: 1, 启动会话数: 1
2024-12-20 21:20:23,342	[INFO]	(client.py:242)bot_connect	[botpy] 会话启动中...
2024-12-20 21:20:23,342	[INFO]	(gateway.py:115)ws_connect	[botpy] 启动中...
2024-12-20 21:20:23,936	[INFO]	(gateway.py:175)ws_resume	[botpy] 重连启动...
2024-12-20 21:20:24,031	[INFO]	(gateway.py:90)on_message	[botpy] 机器人重连成功! 
2024-12-20 21:20:24,031	[INFO]	(gateway.py:223)_send_heart	[botpy] 心跳维持启动...
2024-12-21 09:56:34,760	[INFO]	(client.py:162)_bot_login	[botpy] 登录机器人账号中...
2024-12-21 09:56:34,874	[INFO]	(robot.py:65)update_access_token	[botpy] access_token expires_in 5926
2024-12-21 09:56:35,636	[INFO]	(client.py:181)_bot_init	[botpy] 程序启动...
2024-12-21 09:56:35,636	[INFO]	(connection.py:60)multi_run	[botpy] 最大并发连接数: 1, 启动会话数: 1
2024-12-21 09:56:35,636	[INFO]	(client.py:242)bot_connect	[botpy] 会话启动中...
2024-12-21 09:56:35,636	[INFO]	(gateway.py:115)ws_connect	[botpy] 启动中...
2024-12-21 09:56:35,823	[INFO]	(gateway.py:142)ws_identify	[botpy] 鉴权中...
2024-12-21 09:56:35,934	[INFO]	(gateway.py:85)on_message	[botpy] 机器人「小雫-测试中」启动成功！
2024-12-21 09:56:35,934	[INFO]	(gateway.py:223)_send_heart	[botpy] 心跳维持启动...
2024-12-21 09:56:35,934	[INFO]	(client.py:17)on_ready	robot 「小雫-测试中」 on_ready!
2024-12-21 09:58:43,188	[INFO]	(client.py:162)_bot_login	[botpy] 登录机器人账号中...
2024-12-21 09:58:43,303	[INFO]	(robot.py:65)update_access_token	[botpy] access_token expires_in 5798
2024-12-21 09:58:43,544	[INFO]	(client.py:181)_bot_init	[botpy] 程序启动...
2024-12-21 09:58:43,544	[INFO]	(connection.py:60)multi_run	[botpy] 最大并发连接数: 1, 启动会话数: 1
2024-12-21 09:58:43,544	[INFO]	(client.py:242)bot_connect	[botpy] 会话启动中...
2024-12-21 09:58:43,544	[INFO]	(gateway.py:115)ws_connect	[botpy] 启动中...
2024-12-21 09:58:43,570	[INFO]	(gateway.py:142)ws_identify	[botpy] 鉴权中...
2024-12-21 09:58:43,615	[INFO]	(gateway.py:85)on_message	[botpy] 机器人「小雫-测试中」启动成功！
2024-12-21 09:58:43,615	[INFO]	(gateway.py:223)_send_heart	[botpy] 心跳维持启动...
2024-12-21 09:58:43,615	[INFO]	(client.py:17)on_ready	robot 「小雫-测试中」 on_ready!
2024-12-21 10:01:59,279	[INFO]	(client.py:162)_bot_login	[botpy] 登录机器人账号中...
2024-12-21 10:01:59,661	[INFO]	(robot.py:65)update_access_token	[botpy] access_token expires_in 5601
2024-12-21 10:01:59,955	[INFO]	(client.py:181)_bot_init	[botpy] 程序启动...
2024-12-21 10:01:59,955	[INFO]	(connection.py:60)multi_run	[botpy] 最大并发连接数: 1, 启动会话数: 1
2024-12-21 10:01:59,956	[INFO]	(client.py:242)bot_connect	[botpy] 会话启动中...
2024-12-21 10:01:59,956	[INFO]	(gateway.py:115)ws_connect	[botpy] 启动中...
2024-12-21 10:01:59,988	[INFO]	(gateway.py:142)ws_identify	[botpy] 鉴权中...
2024-12-21 10:02:00,068	[INFO]	(gateway.py:85)on_message	[botpy] 机器人「小雫-测试中」启动成功！
2024-12-21 10:02:00,068	[INFO]	(gateway.py:223)_send_heart	[botpy] 心跳维持启动...
2024-12-21 10:02:00,068	[INFO]	(client.py:17)on_ready	robot 「小雫-测试中」 on_ready!
2024-12-21 10:04:10,376	[INFO]	(client.py:162)_bot_login	[botpy] 登录机器人账号中...
2024-12-21 10:04:10,531	[INFO]	(robot.py:65)update_access_token	[botpy] access_token expires_in 5470
2024-12-21 10:04:10,748	[INFO]	(client.py:181)_bot_init	[botpy] 程序启动...
2024-12-21 10:04:10,748	[INFO]	(connection.py:60)multi_run	[botpy] 最大并发连接数: 1, 启动会话数: 1
2024-12-21 10:04:10,748	[INFO]	(client.py:242)bot_connect	[botpy] 会话启动中...
2024-12-21 10:04:10,748	[INFO]	(gateway.py:115)ws_connect	[botpy] 启动中...
2024-12-21 10:04:10,785	[INFO]	(gateway.py:142)ws_identify	[botpy] 鉴权中...
2024-12-21 10:04:10,842	[INFO]	(gateway.py:85)on_message	[botpy] 机器人「小雫-测试中」启动成功！
2024-12-21 10:04:10,842	[INFO]	(gateway.py:223)_send_heart	[botpy] 心跳维持启动...
2024-12-21 10:04:10,842	[INFO]	(client.py:17)on_ready	robot 「小雫-测试中」 on_ready!
2024-12-21 10:05:22,869	[INFO]	(client.py:162)_bot_login	[botpy] 登录机器人账号中...
2024-12-21 10:05:23,111	[INFO]	(robot.py:65)update_access_token	[botpy] access_token expires_in 5398
2024-12-21 10:05:23,405	[INFO]	(client.py:181)_bot_init	[botpy] 程序启动...
2024-12-21 10:05:23,405	[INFO]	(connection.py:60)multi_run	[botpy] 最大并发连接数: 1, 启动会话数: 1
2024-12-21 10:05:23,405	[INFO]	(client.py:242)bot_connect	[botpy] 会话启动中...
2024-12-21 10:05:23,405	[INFO]	(gateway.py:115)ws_connect	[botpy] 启动中...
2024-12-21 10:05:23,439	[INFO]	(gateway.py:142)ws_identify	[botpy] 鉴权中...
2024-12-21 10:05:23,496	[INFO]	(gateway.py:85)on_message	[botpy] 机器人「小雫-测试中」启动成功！
2024-12-21 10:05:23,496	[INFO]	(gateway.py:223)_send_heart	[botpy] 心跳维持启动...
2024-12-21 10:05:23,496	[INFO]	(client.py:17)on_ready	robot 「小雫-测试中」 on_ready!
